Sjasm Z80 Assembler v0.42c - www.xl2s.tk             [2023.07.29 - 21:02:19]

mussfxd.asm
Errors: 0

       1   00:0000                      		output "mussfxd.bin"
       2   00:8200                      		
       3   00:8200  (00:00D8)           GTTRIG	equ			#00D8	
       4   00:8200                      		
       5   00:8200                      		
       6   00:8200                      	
       7   00:8200                      	
       8   00:8200                      discoheader:
       9   00:8200  FE                  	db	#fe								;cabecera de ficheros que seran cargados con BLOAD desde basic
      10   00:8201  00 82               	dw	START
      11   00:8203  C7 92               	dw	END
      12   00:8205  00 82               	dw	START
      13   00:8207                      	
      14   00:8207                      	org	#8200
      15   00:8200                      	
      16   00:8200                      START:
      17   00:8200  F3                  		di
      18   00:8201                      
      19   00:8201                      		;inicializacion de replayer musical
      20   00:8201  21 B1 88            		ld		hl,SONG-99			; hl <- initial address of module - 99
      21   00:8204  CD 48 82            		call	PT3_INIT			; Inits PT3 player
      22   00:8207                      		
      23   00:8207                      		;inicializacion del reproductor de efectos sonoros
      24   00:8207  21 7C 92            		ld		hl,sfx_bank
      25   00:820A  CD 37 88            		call	ayFX_SETUP
      26   00:820D                      
      27   00:820D  FB                  		ei
      28   00:820E                      		
      29   00:820E                      	
      30   00:820E                      	
      31   00:820E                      loop:
      32   00:820E  76                  		halt						;sincronizacion
      33   00:820F  F3                  		di
      34   00:8210  CD 8D 87            		call	PT3_ROUT			;envia los datos a los registros del PSG
      35   00:8213  CD 95 86            		call	PT3_PLAY			;calcula el siguiente 'trocito' de musica que sera enviado al proxima vez
      36   00:8216  CD 7F 88            		call 	ayFX_PLAY			;calcula el siguiente 'trocito' de efecto especial de sonido que sera enviado la proxima vez
      37   00:8219  FB                  		ei
      38   00:821A                      		
      39   00:821A                      
      40   00:821A                      
      41   00:821A                      		;Poner la logica del programa desde aqui ;;;;;;;;;;;;;;;;;;;;;;;;;;;;;;;;;;;;;;;;;;;;;;;;;;;;;;;;;;;
      42   00:821A                      		;
      43   00:821A                      		; por ejemplo mirar si se pulsa espacio y que suene un efecto sonoro:
      44   00:821A  AF                  		xor		a
      45   00:821B  CD D8 00            		call	GTTRIG				;se mira si se pulsa el trigger en el teclado (espacio)
      46   00:821E  B7                  		or		a
      47   00:821F  28 ED               		jr		z,loop				;si no se ha pulsado el espacio volvemos al principio
      48   00:8221                      		
      49   00:8221                      		;espacio pulsado!!
      50   00:8221  3E 00               		ld		a,0
      51   00:8223  0E 01               		ld		c,1
      52   00:8225  CD 49 88            		call	ayFX_INIT			;comienza el efecto de sonido senhalado por reg A
      53   00:8228                      		
      54   00:8228  C3 0E 82            		jp		loop
      55   00:822B                      		;Poner la logica del programa hasta aqui ;;;;;;;;;;;;;;;;;;;;;;;;;;;;;;;;;;;;;;;;;;;;;;;;;;;;;;;;;;;
      56   00:822B                      
      57   00:822B                      
      58   00:822B                      
      59   00:822B                      
      60   00:822B                      	include	"PT3-ROM_sjasm.asm"		;reproductor PT3
       1.  00:822B                      		; --- PT3 REPLAYER WORKING ON ROM ---
       2.  00:822B                      		; --- Can be assembled with asMSX ---
       3.  00:822B                      		; --- ROM version: MSX-KUN        ---
       4.  00:822B                      		; --- asMSX version 2: SapphiRe   ---
       5.  00:822B                      
       6.  00:822B                      ; Based on MSX full version of PT3 by Dioniso
       7.  00:822B                      ;
       8.  00:822B                      ; This version of the replayer can be used with any note table
       9.  00:822B                      ; This version also allows the use of PT3 commands
      10.  00:822B                      ; First 99 bytes of each PT3 module should be stripped off
      11.  00:822B                      ;
      12.  00:822B                      ; PLAY and PSG WRITE routines seperated to allow independent calls
      13.  00:822B                      ;
      14.  00:822B                      ; ROM LENGTH: 1549 bytes
      15.  00:822B                      ; RAM LENGTH:  576 bytes
      16.  00:822B                      
      17.  00:822B                      
      18.  00:822B                      
      19.  00:822B                      ;SJASM version by BTV 2016
      20.  00:822B                      
      21.  00:822B                      
      22.  00:822B                      		; --- CONSTANT VALUES DEFINITION ---
      23.  00:822B                      
      24.  00:822B                      ;ChannelsVars
      25.  00:822B                      ;struc	CHNPRM
      26.  00:822B                      ;reset group
      27.  00:822B  (00:0000)           CHNPRM_PsInOr	equ 0	;RESB 1
      28.  00:822B  (00:0001)           CHNPRM_PsInSm	equ 1	;RESB 1
      29.  00:822B  (00:0002)           CHNPRM_CrAmSl	equ 2	;RESB 1
      30.  00:822B  (00:0003)           CHNPRM_CrNsSl	equ 3	;RESB 1
      31.  00:822B  (00:0004)           CHNPRM_CrEnSl	equ 4	;RESB 1
      32.  00:822B  (00:0005)           CHNPRM_TSlCnt	equ 5	;RESB 1
      33.  00:822B  (00:0006)           CHNPRM_CrTnSl	equ 6	;RESW 1
      34.  00:822B  (00:0008)           CHNPRM_TnAcc	equ 8	;RESW 1
      35.  00:822B  (00:000A)           CHNPRM_COnOff	equ 10	;RESB 1
      36.  00:822B                      ;reset group
      37.  00:822B                      
      38.  00:822B  (00:000B)           CHNPRM_OnOffD	equ 11	;RESB 1
      39.  00:822B                      
      40.  00:822B                      ;IX for PTDECOD here [+12]
      41.  00:822B  (00:000C)           CHNPRM_OffOnD	equ 12	;RESB 1
      42.  00:822B  (00:000D)           CHNPRM_OrnPtr	equ 13	;RESW 1
      43.  00:822B  (00:000F)           CHNPRM_SamPtr	equ 15	;RESW 1
      44.  00:822B  (00:0011)           CHNPRM_NNtSkp	equ 17	;RESB 1
      45.  00:822B  (00:0012)           CHNPRM_Note	equ 18	;RESB 1
      46.  00:822B  (00:0013)           CHNPRM_SlToNt	equ 19	;RESB 1
      47.  00:822B  (00:0014)           CHNPRM_Env_En	equ 20	;RESB 1
      48.  00:822B  (00:0015)           CHNPRM_Flags	equ 21	;RESB 1
      49.  00:822B                       ;Enabled - 0,SimpleGliss - 2
      50.  00:822B  (00:0016)           CHNPRM_TnSlDl	equ 22	;RESB 1
      51.  00:822B  (00:0017)           CHNPRM_TSlStp	equ 23	;RESW 1
      52.  00:822B  (00:0019)           CHNPRM_TnDelt	equ 25	;RESW 1
      53.  00:822B  (00:001B)           CHNPRM_NtSkCn	equ 27	;RESB 1
      54.  00:822B  (00:001C)           CHNPRM_Volume	equ 28	;RESB 1
      55.  00:822B  (00:001D)           CHNPRM_Size	equ 29	;RESB 1
      56.  00:822B                      ;endstruc
      57.  00:822B                      
      58.  00:822B                      ;struc	AR
      59.  00:822B  (00:0000)           AR_TonA		equ 0	;RESW 1
      60.  00:822B  (00:0002)           AR_TonB		equ 2	;RESW 1
      61.  00:822B  (00:0004)           AR_TonC		equ 4	;RESW 1
      62.  00:822B  (00:0006)           AR_Noise	equ 6	;RESB 1
      63.  00:822B  (00:0007)           AR_Mixer	equ 7	;RESB 1
      64.  00:822B  (00:0008)           AR_AmplA	equ 8	;RESB 1
      65.  00:822B  (00:0009)           AR_AmplB	equ 9	;RESB 1
      66.  00:822B  (00:000A)           AR_AmplC	equ 10	;RESB 1
      67.  00:822B  (00:000B)           AR_Env		equ 11	;RESW 1
      68.  00:822B  (00:000D)           AR_EnvTp	equ 13	;RESB 1
      69.  00:822B                      ;endstruc
      70.  00:822B                      
      71.  00:822B                      		; --- CODE STARTS HERE ---
      72.  00:822B                      
      73.  00:822B  21 00 F0            CHECKLP:	LD	HL,PT3_SETUP
      74.  00:822E  CB FE               		SET	7,[HL]
      75.  00:8230  CB 46               		BIT	0,[HL]
      76.  00:8232  C8                  		RET	Z
      77.  00:8233  E1                  		POP	HL
      78.  00:8234  21 7A F0            		LD	HL,DelyCnt
      79.  00:8237  34                  		INC	[HL]
      80.  00:8238  21 3E F0            		LD	HL,ChanA+CHNPRM_NtSkCn
      81.  00:823B  34                  		INC	[HL]
      82.  00:823C  AF                  PT3_MUTE:	XOR	A
      83.  00:823D  67                  		LD	H,A
      84.  00:823E  6F                  		LD	L,A
      85.  00:823F  32 48 F1            		LD	[AYREGS+AR_AmplA],A
      86.  00:8242  22 49 F1            		LD	[AYREGS+AR_AmplB],HL
      87.  00:8245  C3 8E 87            		JP	ROUT_A0
      88.  00:8248                      
      89.  00:8248                      PT3_INIT:	;HL - AddressOfModule - 100
      90.  00:8248  22 01 F0            		LD [PT3_MODADDR],HL
      91.  00:824B  E5                  		PUSH HL
      92.  00:824C  11 64 00            		LD DE,100
      93.  00:824F  19                  		ADD HL,DE
      94.  00:8250  7E                  		LD A,[HL]
      95.  00:8251  32 1C F0            		LD [PT3_Delay],A
      96.  00:8254  E5                  		PUSH HL
      97.  00:8255  DD E1               		POP IX
      98.  00:8257  19                  		ADD HL,DE
      99.  00:8258  22 03 F0            		LD [PT3_CrPsPtr],HL
     100.  00:825B  DD 5E 02            		LD E,[IX+102-100]
     101.  00:825E  19                  		ADD HL,DE
     102.  00:825F  23                  		INC HL
     103.  00:8260  22 18 F0            		LD [PT3_LPosPtr],HL
     104.  00:8263  D1                  		POP DE
     105.  00:8264  DD 6E 03            		LD L,[IX+103-100]
     106.  00:8267  DD 66 04            		LD H,[IX+104-100]
     107.  00:826A  19                  		ADD HL,DE
     108.  00:826B  22 1A F0            		LD [PT3_PatsPtr],HL
     109.  00:826E  21 A9 00            		LD HL,169
     110.  00:8271  19                  		ADD HL,DE
     111.  00:8272  22 07 F0            		LD [PT3_OrnPtrs],HL
     112.  00:8275  21 69 00            		LD HL,105
     113.  00:8278  19                  		ADD HL,DE
     114.  00:8279  22 05 F0            		LD [PT3_SAMPTRS],HL
     115.  00:827C  21 00 F0            		LD HL,PT3_SETUP
     116.  00:827F  CB BE               		RES 7,[HL]
     117.  00:8281                      
     118.  00:8281                      		; --- note table data depacker ---
     119.  00:8281                      		; Depacks first 12 tones of each tone table
     120.  00:8281                      
     121.  00:8281  11 02 88            		LD DE,T_PACK
     122.  00:8284  01 B1 F1            		LD BC,T1_+(2*49)-1
     123.  00:8287  1A                  .TP_0:		LD A,[DE]
     124.  00:8288  13                  		INC DE
     125.  00:8289  FE 1E               		CP 15*2
     126.  00:828B  30 06               		JR NC,.TP_1
     127.  00:828D  67                  		LD H,A
     128.  00:828E  1A                  		LD A,[DE]
     129.  00:828F  6F                  		LD L,A
     130.  00:8290  13                  		INC DE
     131.  00:8291  18 07               		JR .TP_2
     132.  00:8293  D5                  .TP_1:		PUSH DE
     133.  00:8294  16 00               		LD D,0
     134.  00:8296  5F                  		LD E,A
     135.  00:8297  19                  		ADD HL,DE
     136.  00:8298  19                  		ADD HL,DE
     137.  00:8299  D1                  		POP DE
     138.  00:829A  7C                  .TP_2:		LD A,H
     139.  00:829B  02                  		LD [BC],A
     140.  00:829C  0B                  		DEC BC
     141.  00:829D  7D                  		LD A,L
     142.  00:829E  02                  		LD [BC],A
     143.  00:829F  0B                  		DEC BC
     144.  00:82A0  D6 F0               		SUB $F0
     145.  00:82A2  20 E3               		JR NZ,.TP_0
     146.  00:82A4                      
     147.  00:82A4                      		; --- INITIALIZE PT3 VARIABLES ---
     148.  00:82A4  21 23 F0            		LD HL,VARS
     149.  00:82A7  77                  		LD [HL],A
     150.  00:82A8  11 24 F0            		LD DE,VARS+1
     151.  00:82AB  01 2C 01            		LD BC,VAR0END-VARS-1
     152.  00:82AE  ED B0               		LDIR
     153.  00:82B0                      
     154.  00:82B0  3C                  		INC A
     155.  00:82B1  32 7A F0            		LD [DelyCnt],A
     156.  00:82B4  21 01 F0            		LD HL,$F001 ;H - CHNPRM_Volume, L - CHNPRM_NtSkCn
     157.  00:82B7  22 3E F0            		LD [ChanA+CHNPRM_NtSkCn],HL
     158.  00:82BA  22 5B F0            		LD [ChanB+CHNPRM_NtSkCn],HL
     159.  00:82BD  22 78 F0            		LD [ChanC+CHNPRM_NtSkCn],HL
     160.  00:82C0                      
     161.  00:82C0  21 FE 87            		LD HL,EMPTYSAMORN
     162.  00:82C3  22 12 F0            		LD [PT3_AdInPtA],HL ;ptr to zero
     163.  00:82C6  22 30 F0            		LD [ChanA+CHNPRM_OrnPtr],HL ;ornament 0 is "0,1,0"
     164.  00:82C9  22 4D F0            		LD [ChanB+CHNPRM_OrnPtr],HL ;in all versions from
     165.  00:82CC  22 6A F0            		LD [ChanC+CHNPRM_OrnPtr],HL ;3.xx to 3.6x and VTII
     166.  00:82CF                      
     167.  00:82CF  22 32 F0            		LD [ChanA+CHNPRM_SamPtr],HL ;S1 There is no default
     168.  00:82D2  22 4F F0            		LD [ChanB+CHNPRM_SamPtr],HL ;S2 sample in PT3, so, you
     169.  00:82D5  22 6C F0            		LD [ChanC+CHNPRM_SamPtr],HL ;S3 can comment S1,2,3; see
     170.  00:82D8                      					    ;also EMPTYSAMORN comment
     171.  00:82D8                      
     172.  00:82D8                      		; --- NOTE TABLE CREATOR (c) Ivan Roshin, adapted by SapphiRe ---
     173.  00:82D8  DD 7E FF            		LD A,[IX+99-100] ;TONE TABLE NUMBER
     174.  00:82DB  17                  		RLA
     175.  00:82DC  E6 07               		AND 7
     176.  00:82DE  21 AE 87            		LD HL,NT_DATA
     177.  00:82E1  D5                  		PUSH DE
     178.  00:82E2  50                  		LD D,B		; ld d,0 (bc is 0000 after LDIR)
     179.  00:82E3  87                  		ADD A,A
     180.  00:82E4  5F                  		LD E,A
     181.  00:82E5  19                  		ADD HL,DE	; hl -> init of correct note table data
     182.  00:82E6  5E                  		LD E,[HL]
     183.  00:82E7  23                  		INC HL
     184.  00:82E8  CB 3B               		SRL E
     185.  00:82EA  9F                  		SBC A,A
     186.  00:82EB  E6 A7               		AND $A7			;$00 (NOP) or $A7 (AND A)
     187.  00:82ED  32 21 F0            		LD [PT3_NTL3],A		; CORRECT INSTRUCTION, DEPENDS OF SELECTED TABLE
     188.  00:82F0  3E C9               		LD A,$C9		; RET CODE
     189.  00:82F2  32 22 F0            		LD [PT3_NTL3+1],A	; RET PLACED
     190.  00:82F5  EB                  		EX DE,HL
     191.  00:82F6  C1                  		POP BC ;BC=T1_
     192.  00:82F7  09                  		ADD HL,BC
     193.  00:82F8                      
     194.  00:82F8  1A                  		LD A,[DE]                           
     195.  00:82F9                      
     196.  00:82F9  01 BE 87            		LD BC,T_
     197.  00:82FC  81                  		ADD A,C
     198.  00:82FD  4F                  		LD C,A
     199.  00:82FE  88                  		ADC A,B
     200.  00:82FF                      
     201.  00:82FF  91                  		SUB C
     202.  00:8300  47                  		LD B,A
     203.  00:8301  C5                  		PUSH BC
     204.  00:8302  11 80 F0            		LD DE,NT_
     205.  00:8305  D5                  		PUSH DE
     206.  00:8306                      
     207.  00:8306  06 0C               		LD B,12
     208.  00:8308  C5                  .L1:		PUSH BC
     209.  00:8309  4E                  		LD C,[HL]
     210.  00:830A  23                  		INC HL
     211.  00:830B  E5                  		PUSH HL
     212.  00:830C  46                  		LD B,[HL]
     213.  00:830D                      
     214.  00:830D  D5                  		PUSH DE
     215.  00:830E  EB                  		EX DE,HL
     216.  00:830F  11 17 00            		LD DE,23
     217.  00:8312  DD 26 08            		db $DD,$26,$08	;LD XH,8
     218.  00:8315                      
     219.  00:8315  CB 38               .L2:		SRL B
     220.  00:8317  CB 19               		RR C
     221.  00:8319  CD 21 F0            .L3:		CALL PT3_NTL3	;AND A or NOP
     222.  00:831C  79                  		LD A,C
     223.  00:831D  8A                  		ADC A,D	;=ADC 0
     224.  00:831E  77                  		LD [HL],A
     225.  00:831F  23                  		INC HL
     226.  00:8320  78                  		LD A,B
     227.  00:8321  8A                  		ADC A,D
     228.  00:8322  77                  		LD [HL],A
     229.  00:8323  19                  		ADD HL,DE
     230.  00:8324  DD 25               		db $DD,$25	;DEC XH
     231.  00:8326  20 ED               		JR NZ,.L2
     232.  00:8328                      
     233.  00:8328  D1                  		POP DE
     234.  00:8329  13                  		INC DE
     235.  00:832A  13                  		INC DE
     236.  00:832B  E1                  		POP HL
     237.  00:832C  23                  		INC HL
     238.  00:832D  C1                  		POP BC
     239.  00:832E  10 D8               		DJNZ .L1
     240.  00:8330                      
     241.  00:8330  E1                  		POP HL
     242.  00:8331  D1                  		POP DE
     243.  00:8332                      
     244.  00:8332  7B                  		LD A,E
     245.  00:8333  D5                  		PUSH DE
     246.  00:8334  11 CA 87            		LD DE,TCOLD_1
     247.  00:8337  BB                  		CP E
     248.  00:8338  D1                  		POP DE
     249.  00:8339  20 05               		JR NZ,.CORR_1
     250.  00:833B  3E FD               		LD A,$FD
     251.  00:833D  32 AE F0            		LD [NT_+$2E],A
     252.  00:8340                      
     253.  00:8340  1A                  .CORR_1:	LD A,[DE]
     254.  00:8341  A7                  		AND A
     255.  00:8342  28 11               		JR Z,.TC_EXIT
     256.  00:8344  1F                  		RRA
     257.  00:8345  F5                  		PUSH AF
     258.  00:8346  87                  		ADD A,A
     259.  00:8347  4F                  		LD C,A
     260.  00:8348  09                  		ADD HL,BC
     261.  00:8349  F1                  		POP AF
     262.  00:834A  30 02               		JR NC,.CORR_2
     263.  00:834C  35                  		DEC [HL]
     264.  00:834D  35                  		DEC [HL]
     265.  00:834E  34                  .CORR_2:	INC [HL]
     266.  00:834F  A7                  		AND A
     267.  00:8350  ED 42               		SBC HL,BC
     268.  00:8352  13                  		INC DE
     269.  00:8353  18 EB               		JR .CORR_1
     270.  00:8355                      
     271.  00:8355                      .TC_EXIT:	;POP AF
     272.  00:8355                      
     273.  00:8355                      		; --- CREATE PT3 VOLUME TABLE (c) Ivan Roshin, adapted by SapphiRe ---
     274.  00:8355  21 11 00            		ld	hl,$11
     275.  00:8358  54                  		ld	d,h
     276.  00:8359  5C                  		ld	e,h
     277.  00:835A  DD 21 50 F1         		ld	IX,VT_+16
     278.  00:835E  06 0F               		ld	b,15
     279.  00:8360  E5                  .INITV1:	push	hl
     280.  00:8361  19                  		add	hl,de
     281.  00:8362  EB                  		ex	de,hl
     282.  00:8363  ED 62               		sbc	hl,hl
     283.  00:8365  48                  		ld	c,b
     284.  00:8366  06 10               		ld	b,16
     285.  00:8368  7D                  .INITV2:	ld	a,l
     286.  00:8369  17                  		rla
     287.  00:836A  7C                  		ld	a,h
     288.  00:836B  CE 00               		adc	a,0
     289.  00:836D  DD 77 00            		ld	[ix],a
     290.  00:8370  DD 23               		inc	ix
     291.  00:8372  19                  		add	hl,de
     292.  00:8373  10 F3               		djnz	.INITV2
     293.  00:8375  E1                  		pop	hl
     294.  00:8376  7B                  		ld	a,e
     295.  00:8377  FE 77               		cp	$77
     296.  00:8379  20 01               		jr	nz,.INITV3
     297.  00:837B  1C                  		inc	e
     298.  00:837C  41                  .INITV3:	ld	b,c
     299.  00:837D  10 E1               		djnz	.INITV1
     300.  00:837F                      
     301.  00:837F  C9                  		RET
     302.  00:8380                      
     303.  00:8380                      		;pattern decoder
     304.  00:8380  DD 36 08 00         PD_OrSm:	LD [IX+(CHNPRM_Env_En-12)],0
     305.  00:8384  CD 0A 85            		CALL SETORN
     306.  00:8387  0A                  		LD A,[BC]
     307.  00:8388  03                  		INC BC
     308.  00:8389  0F                  		RRCA
     309.  00:838A                      
     310.  00:838A  87                  PD_SAM:		ADD A,A
     311.  00:838B  5F                  PD_SAM_:	LD E,A
     312.  00:838C  16 00               		LD D,0
     313.  00:838E  2A 05 F0            		LD HL,[PT3_SAMPTRS]
     314.  00:8391  19                  		ADD HL,DE
     315.  00:8392  5E                  		LD E,[HL]
     316.  00:8393  23                  		INC HL
     317.  00:8394  56                  		LD D,[HL]
     318.  00:8395  2A 01 F0            		LD HL,[PT3_MODADDR]
     319.  00:8398  19                  		ADD HL,DE
     320.  00:8399  DD 75 03            		LD [IX+(CHNPRM_SamPtr-12)],L
     321.  00:839C  DD 74 04            		LD [IX+(CHNPRM_SamPtr+1-12)],H
     322.  00:839F  18 41               		JR PD_LOOP
     323.  00:83A1                      
     324.  00:83A1  07                  PD_VOL:		RLCA
     325.  00:83A2  07                  		RLCA
     326.  00:83A3  07                  		RLCA
     327.  00:83A4  07                  		RLCA
     328.  00:83A5  DD 77 10            		LD [IX+(CHNPRM_Volume-12)],A
     329.  00:83A8  18 3B               		JR PD_LP2
     330.  00:83AA                      	
     331.  00:83AA  DD 77 08            PD_EOff:	LD [IX+(CHNPRM_Env_En-12)],A
     332.  00:83AD  DD 77 F4            		LD [IX+(CHNPRM_PsInOr-12)],A
     333.  00:83B0  18 33               		JR PD_LP2
     334.  00:83B2                      
     335.  00:83B2  3D                  PD_SorE:	DEC A
     336.  00:83B3  20 07               		JR NZ,PD_ENV
     337.  00:83B5  0A                  		LD A,[BC]
     338.  00:83B6  03                  		INC BC
     339.  00:83B7  DD 77 05            		LD [IX+(CHNPRM_NNtSkp-12)],A
     340.  00:83BA  18 29               		JR PD_LP2
     341.  00:83BC                      
     342.  00:83BC  CD EE 84            PD_ENV:		CALL SETENV
     343.  00:83BF  18 24               		JR PD_LP2
     344.  00:83C1                      
     345.  00:83C1  CD 0A 85            PD_ORN:		CALL SETORN
     346.  00:83C4  18 1C               		JR PD_LOOP
     347.  00:83C6                             
     348.  00:83C6  DD 77 08            PD_ESAM:	LD [IX+(CHNPRM_Env_En-12)],A
     349.  00:83C9  DD 77 F4            		LD [IX+(CHNPRM_PsInOr-12)],A
     350.  00:83CC  C4 EE 84            		CALL NZ,SETENV
     351.  00:83CF  0A                  		LD A,[BC]
     352.  00:83D0  03                  		INC BC
     353.  00:83D1  18 B8               		JR PD_SAM_
     354.  00:83D3                      
     355.  00:83D3  DD 7E 06            PTDECOD:	LD A,[IX+(CHNPRM_Note-12)]
     356.  00:83D6  32 0F F0            		LD [PT3_PrNote],A
     357.  00:83D9  DD 6E FA            		LD L,[IX+(CHNPRM_CrTnSl-12)]
     358.  00:83DC  DD 66 FB            		LD H,[IX+(CHNPRM_CrTnSl+1-12)]
     359.  00:83DF  22 10 F0            		LD [PT3_PrSlide],HL
     360.  00:83E2                      
     361.  00:83E2  11 10 20            PD_LOOP:	LD DE,$2010
     362.  00:83E5  0A                  PD_LP2:		LD A,[BC]
     363.  00:83E6  03                  		INC BC
     364.  00:83E7  83                  		ADD A,E
     365.  00:83E8  38 96               		JR C,PD_OrSm
     366.  00:83EA  82                  		ADD A,D
     367.  00:83EB  28 4A               		JR Z,PD_FIN
     368.  00:83ED  38 9B               		JR C,PD_SAM
     369.  00:83EF  83                  		ADD A,E
     370.  00:83F0  28 25               		JR Z,PD_REL
     371.  00:83F2  38 AD               		JR C,PD_VOL
     372.  00:83F4  83                  		ADD A,E
     373.  00:83F5  28 B3               		JR Z,PD_EOff
     374.  00:83F7  38 B9               		JR C,PD_SorE
     375.  00:83F9  C6 60               		ADD A,96
     376.  00:83FB  38 20               		JR C,PD_NOTE
     377.  00:83FD  83                  		ADD A,E
     378.  00:83FE  38 C1               		JR C,PD_ORN
     379.  00:8400  82                  		ADD A,D
     380.  00:8401  38 0F               		JR C,PD_NOIS
     381.  00:8403  83                  		ADD A,E
     382.  00:8404  38 C0               		JR C,PD_ESAM
     383.  00:8406  87                  		ADD A,A
     384.  00:8407  5F                  		LD E,A
     385.  00:8408  21 43 64            		LD HL,(SPCCOMS+$DF20) % 65536	; Adapted from original Speccy version (saves 6 bytes)
     386.  00:840B  19                  		ADD HL,DE
     387.  00:840C  5E                  		LD E,[HL]
     388.  00:840D  23                  		INC HL
     389.  00:840E  56                  		LD D,[HL]
     390.  00:840F  D5                  		PUSH DE
     391.  00:8410  18 D0               		JR PD_LOOP
     392.  00:8412                      
     393.  00:8412  32 7E F0            PD_NOIS:	LD [Ns_Base],A
     394.  00:8415  18 CE               		JR PD_LP2
     395.  00:8417                      
     396.  00:8417  DD CB 09 86         PD_REL:		RES 0,[IX+(CHNPRM_Flags-12)]
     397.  00:841B  18 08               		JR PD_RES
     398.  00:841D                      	
     399.  00:841D  DD 77 06            PD_NOTE:	LD [IX+(CHNPRM_Note-12)],A
     400.  00:8420  DD CB 09 C6         		SET 0,[IX+(CHNPRM_Flags-12)]
     401.  00:8424  AF                  		XOR A
     402.  00:8425                      
     403.  00:8425  ED 73 09 F0         PD_RES:		LD [PT3_PDSP],SP
     404.  00:8429  DD F9               		LD SP,IX
     405.  00:842B  67                  		LD H,A
     406.  00:842C  6F                  		LD L,A
     407.  00:842D  E5                  		PUSH HL
     408.  00:842E  E5                  		PUSH HL
     409.  00:842F  E5                  		PUSH HL
     410.  00:8430  E5                  		PUSH HL
     411.  00:8431  E5                  		PUSH HL
     412.  00:8432  E5                  		PUSH HL
     413.  00:8433  ED 7B 09 F0         		LD SP,[PT3_PDSP]
     414.  00:8437                      
     415.  00:8437  DD 7E 05            PD_FIN:		LD A,[IX+(CHNPRM_NNtSkp-12)]
     416.  00:843A  DD 77 0F            		LD [IX+(CHNPRM_NtSkCn-12)],A
     417.  00:843D  C9                  		RET
     418.  00:843E                      
     419.  00:843E  DD CB 09 96         C_PORTM:	RES 2,[IX+(CHNPRM_Flags-12)]
     420.  00:8442  0A                  		LD A,[BC]
     421.  00:8443  03                  		INC BC
     422.  00:8444                      		;SKIP PRECALCULATED TONE DELTA [BECAUSE
     423.  00:8444                      		;CANNOT BE RIGHT AFTER PT3 COMPILATION]
     424.  00:8444  03                  		INC BC
     425.  00:8445  03                  		INC BC
     426.  00:8446  DD 77 0A            		LD [IX+(CHNPRM_TnSlDl-12)],A
     427.  00:8449  DD 77 F9            		LD [IX+(CHNPRM_TSlCnt-12)],A
     428.  00:844C  11 80 F0            		LD DE,NT_
     429.  00:844F  DD 7E 06            		LD A,[IX+(CHNPRM_Note-12)]
     430.  00:8452  DD 77 07            		LD [IX+(CHNPRM_SlToNt-12)],A
     431.  00:8455  87                  		ADD A,A
     432.  00:8456  6F                  		LD L,A
     433.  00:8457  26 00               		LD H,0
     434.  00:8459  19                  		ADD HL,DE
     435.  00:845A  7E                  		LD A,[HL]
     436.  00:845B  23                  		INC HL
     437.  00:845C  66                  		LD H,[HL]
     438.  00:845D  6F                  		LD L,A
     439.  00:845E  E5                  		PUSH HL
     440.  00:845F  3A 0F F0            		LD A,[PT3_PrNote]
     441.  00:8462  DD 77 06            		LD [IX+(CHNPRM_Note-12)],A
     442.  00:8465  87                  		ADD A,A
     443.  00:8466  6F                  		LD L,A
     444.  00:8467  26 00               		LD H,0
     445.  00:8469  19                  		ADD HL,DE
     446.  00:846A  5E                  		LD E,[HL]
     447.  00:846B  23                  		INC HL
     448.  00:846C  56                  		LD D,[HL]
     449.  00:846D  E1                  		POP HL
     450.  00:846E  ED 52               		SBC HL,DE
     451.  00:8470  DD 75 0D            		LD [IX+(CHNPRM_TnDelt-12)],L
     452.  00:8473  DD 74 0E            		LD [IX+(CHNPRM_TnDelt+1-12)],H
     453.  00:8476  ED 5B 10 F0         		LD DE,[PT3_PrSlide]
     454.  00:847A  DD 73 FA            		LD [IX+(CHNPRM_CrTnSl-12)],E
     455.  00:847D  DD 72 FB            		LD [IX+(CHNPRM_CrTnSl+1-12)],D
     456.  00:8480  0A                  		LD A,[BC] ;SIGNED TONE STEP
     457.  00:8481  03                  		INC BC
     458.  00:8482  08                  		EX AF,AF'
     459.  00:8483  0A                  		LD A,[BC]
     460.  00:8484  03                  		INC BC
     461.  00:8485  A7                  		AND A
     462.  00:8486  28 01               		JR Z,.NOSIG
     463.  00:8488  EB                  		EX DE,HL
     464.  00:8489  ED 52               .NOSIG:	SBC HL,DE
     465.  00:848B  F2 93 84            		JP P,SET_STP
     466.  00:848E  2F                  		CPL
     467.  00:848F  08                  		EX AF,AF'
     468.  00:8490  ED 44               		NEG
     469.  00:8492  08                  		EX AF,AF'
     470.  00:8493  DD 77 0C            SET_STP:	LD [IX+(CHNPRM_TSlStp+1-12)],A
     471.  00:8496  08                  		EX AF,AF'
     472.  00:8497  DD 77 0B            		LD [IX+(CHNPRM_TSlStp-12)],A
     473.  00:849A  DD 36 FE 00         		LD [IX+(CHNPRM_COnOff-12)],0
     474.  00:849E  C9                  		RET
     475.  00:849F                      
     476.  00:849F  DD CB 09 D6         C_GLISS:	SET 2,[IX+(CHNPRM_Flags-12)]
     477.  00:84A3  0A                  		LD A,[BC]
     478.  00:84A4  03                  		INC BC
     479.  00:84A5  DD 77 0A            		LD [IX+(CHNPRM_TnSlDl-12)],A
     480.  00:84A8  DD 77 F9            		LD [IX+(CHNPRM_TSlCnt-12)],A
     481.  00:84AB  0A                  		LD A,[BC]
     482.  00:84AC  03                  		INC BC
     483.  00:84AD  08                  		EX AF,AF'
     484.  00:84AE  0A                  		LD A,[BC]
     485.  00:84AF  03                  		INC BC
     486.  00:84B0  18 E1               		JR SET_STP
     487.  00:84B2                      
     488.  00:84B2  0A                  C_SMPOS:	LD A,[BC]
     489.  00:84B3  03                  		INC BC
     490.  00:84B4  DD 77 F5            		LD [IX+(CHNPRM_PsInSm-12)],A
     491.  00:84B7  C9                  		RET
     492.  00:84B8                      
     493.  00:84B8  0A                  C_ORPOS:	LD A,[BC]
     494.  00:84B9  03                  		INC BC
     495.  00:84BA  DD 77 F4            		LD [IX+(CHNPRM_PsInOr-12)],A
     496.  00:84BD  C9                  		RET
     497.  00:84BE                      
     498.  00:84BE  0A                  C_VIBRT:	LD A,[BC]
     499.  00:84BF  03                  		INC BC
     500.  00:84C0  DD 77 FF            		LD [IX+(CHNPRM_OnOffD-12)],A
     501.  00:84C3  DD 77 FE            		LD [IX+(CHNPRM_COnOff-12)],A
     502.  00:84C6  0A                  		LD A,[BC]
     503.  00:84C7  03                  		INC BC
     504.  00:84C8  DD 77 00            		LD [IX+(CHNPRM_OffOnD-12)],A
     505.  00:84CB  AF                  		XOR A
     506.  00:84CC  DD 77 F9            		LD [IX+(CHNPRM_TSlCnt-12)],A
     507.  00:84CF  DD 77 FA            		LD [IX+(CHNPRM_CrTnSl-12)],A
     508.  00:84D2  DD 77 FB            		LD [IX+(CHNPRM_CrTnSl+1-12)],A
     509.  00:84D5  C9                  		RET
     510.  00:84D6                      
     511.  00:84D6  0A                  C_ENGLS:	LD A,[BC]
     512.  00:84D7  03                  		INC BC
     513.  00:84D8  32 1E F0            		LD [PT3_Env_Del],A
     514.  00:84DB  32 7D F0            		LD [CurEDel],A
     515.  00:84DE  0A                  		LD A,[BC]
     516.  00:84DF  03                  		INC BC
     517.  00:84E0  6F                  		LD L,A
     518.  00:84E1  0A                  		LD A,[BC]
     519.  00:84E2  03                  		INC BC
     520.  00:84E3  67                  		LD H,A
     521.  00:84E4  22 1F F0            		LD [PT3_ESldAdd],HL
     522.  00:84E7  C9                  		RET
     523.  00:84E8                      
     524.  00:84E8  0A                  C_DELAY:	LD A,[BC]
     525.  00:84E9  03                  		INC BC
     526.  00:84EA  32 1C F0            		LD [PT3_Delay],A
     527.  00:84ED  C9                  		RET
     528.  00:84EE                      	
     529.  00:84EE  DD 73 08            SETENV:		LD [IX+(CHNPRM_Env_En-12)],E
     530.  00:84F1  32 4D F1            		LD [AYREGS+AR_EnvTp],A
     531.  00:84F4  0A                  		LD A,[BC]
     532.  00:84F5  03                  		INC BC
     533.  00:84F6  67                  		LD H,A
     534.  00:84F7  0A                  		LD A,[BC]
     535.  00:84F8  03                  		INC BC
     536.  00:84F9  6F                  		LD L,A
     537.  00:84FA  22 4E F1            		LD [EnvBase],HL
     538.  00:84FD  AF                  		XOR A
     539.  00:84FE  DD 77 F4            		LD [IX+(CHNPRM_PsInOr-12)],A
     540.  00:8501  32 7D F0            		LD [CurEDel],A
     541.  00:8504  67                  		LD H,A
     542.  00:8505  6F                  		LD L,A
     543.  00:8506  22 7B F0            		LD [CurESld],HL
     544.  00:8509  C9                  C_NOP:		RET
     545.  00:850A                      
     546.  00:850A  87                  SETORN:		ADD A,A
     547.  00:850B  5F                  		LD E,A
     548.  00:850C  16 00               		LD D,0
     549.  00:850E  DD 72 F4            		LD [IX+(CHNPRM_PsInOr-12)],D
     550.  00:8511  2A 07 F0            		LD HL,[PT3_OrnPtrs]
     551.  00:8514  19                  		ADD HL,DE
     552.  00:8515  5E                  		LD E,[HL]
     553.  00:8516  23                  		INC HL
     554.  00:8517  56                  		LD D,[HL]
     555.  00:8518  2A 01 F0            		LD HL,[PT3_MODADDR]
     556.  00:851B  19                  		ADD HL,DE
     557.  00:851C  DD 75 01            		LD [IX+(CHNPRM_OrnPtr-12)],L
     558.  00:851F  DD 74 02            		LD [IX+(CHNPRM_OrnPtr+1-12)],H
     559.  00:8522  C9                  		RET
     560.  00:8523                      
     561.  00:8523                      		;ALL 16 ADDRESSES TO PROTECT FROM BROKEN PT3 MODULES
     562.  00:8523  09 85               SPCCOMS:	dw C_NOP
     563.  00:8525  9F 84               		dw C_GLISS
     564.  00:8527  3E 84               		dw C_PORTM
     565.  00:8529  B2 84               		dw C_SMPOS
     566.  00:852B  B8 84               		dw C_ORPOS
     567.  00:852D  BE 84               		dw C_VIBRT
     568.  00:852F  09 85               		dw C_NOP
     569.  00:8531  09 85               		dw C_NOP
     570.  00:8533  D6 84               		dw C_ENGLS
     571.  00:8535  E8 84               		dw C_DELAY
     572.  00:8537  09 85               		dw C_NOP
     573.  00:8539  09 85               		dw C_NOP
     574.  00:853B  09 85               		dw C_NOP
     575.  00:853D  09 85               		dw C_NOP
     576.  00:853F  09 85               		dw C_NOP
     577.  00:8541  09 85               		dw C_NOP
     578.  00:8543                      
     579.  00:8543  AF                  CHREGS:		XOR A
     580.  00:8544  32 4A F1            		LD [AYREGS+AR_AmplC],A
     581.  00:8547  DD CB 15 46         		BIT 0,[IX+CHNPRM_Flags]
     582.  00:854B  E5                  		PUSH HL
     583.  00:854C  CA 72 86            		JP Z,.CH_EXIT
     584.  00:854F  ED 73 0B F0         		LD [PT3_CSP],SP
     585.  00:8553  DD 6E 0D            		LD L,[IX+CHNPRM_OrnPtr]
     586.  00:8556  DD 66 0E            		LD H,[IX+CHNPRM_OrnPtr+1]
     587.  00:8559  F9                  		LD SP,HL
     588.  00:855A  D1                  		POP DE
     589.  00:855B  67                  		LD H,A
     590.  00:855C  DD 7E 00            		LD A,[IX+CHNPRM_PsInOr]
     591.  00:855F  6F                  		LD L,A
     592.  00:8560  39                  		ADD HL,SP
     593.  00:8561  3C                  		INC A
     594.  00:8562  BA                  		CP D
     595.  00:8563  38 01               		JR C,.CH_ORPS
     596.  00:8565  7B                  		LD A,E
     597.  00:8566  DD 77 00            .CH_ORPS:	LD [IX+CHNPRM_PsInOr],A
     598.  00:8569  DD 7E 12            		LD A,[IX+CHNPRM_Note]
     599.  00:856C  86                  		ADD A,[HL]
     600.  00:856D  F2 71 85            		JP P,.CH_NTP
     601.  00:8570  AF                  		XOR A
     602.  00:8571  FE 60               .CH_NTP:	CP 96
     603.  00:8573  38 02               		JR C,.CH_NOK
     604.  00:8575  3E 5F               		LD A,95
     605.  00:8577  87                  .CH_NOK:	ADD A,A
     606.  00:8578  08                  		EX AF,AF'
     607.  00:8579  DD 6E 0F            		LD L,[IX+CHNPRM_SamPtr]
     608.  00:857C  DD 66 10            		LD H,[IX+CHNPRM_SamPtr+1]
     609.  00:857F  F9                  		LD SP,HL
     610.  00:8580  D1                  		POP DE
     611.  00:8581  26 00               		LD H,0
     612.  00:8583  DD 7E 01            		LD A,[IX+CHNPRM_PsInSm]
     613.  00:8586  47                  		LD B,A
     614.  00:8587  87                  		ADD A,A
     615.  00:8588  87                  		ADD A,A
     616.  00:8589  6F                  		LD L,A
     617.  00:858A  39                  		ADD HL,SP
     618.  00:858B  F9                  		LD SP,HL
     619.  00:858C  78                  		LD A,B
     620.  00:858D  3C                  		INC A
     621.  00:858E  BA                  		CP D
     622.  00:858F  38 01               		JR C,.CH_SMPS
     623.  00:8591  7B                  		LD A,E
     624.  00:8592  DD 77 01            .CH_SMPS:	LD [IX+CHNPRM_PsInSm],A
     625.  00:8595  C1                  		POP BC
     626.  00:8596  E1                  		POP HL
     627.  00:8597  DD 5E 08            		LD E,[IX+CHNPRM_TnAcc]
     628.  00:859A  DD 56 09            		LD D,[IX+CHNPRM_TnAcc+1]
     629.  00:859D  19                  		ADD HL,DE
     630.  00:859E  CB 70               		BIT 6,B
     631.  00:85A0  28 06               		JR Z,.CH_NOAC
     632.  00:85A2  DD 75 08            		LD [IX+CHNPRM_TnAcc],L
     633.  00:85A5  DD 74 09            		LD [IX+CHNPRM_TnAcc+1],H
     634.  00:85A8  EB                  .CH_NOAC:	EX DE,HL
     635.  00:85A9  08                  		EX AF,AF'
     636.  00:85AA  6F                  		LD L,A
     637.  00:85AB  26 00               		LD H,0
     638.  00:85AD  31 80 F0            		LD SP,NT_
     639.  00:85B0  39                  		ADD HL,SP
     640.  00:85B1  F9                  		LD SP,HL
     641.  00:85B2  E1                  		POP HL
     642.  00:85B3  19                  		ADD HL,DE
     643.  00:85B4  DD 5E 06            		LD E,[IX+CHNPRM_CrTnSl]
     644.  00:85B7  DD 56 07            		LD D,[IX+CHNPRM_CrTnSl+1]
     645.  00:85BA  19                  		ADD HL,DE
     646.  00:85BB  ED 7B 0B F0         		LD SP,[PT3_CSP]
     647.  00:85BF  E3                  		EX [SP],HL
     648.  00:85C0  AF                  		XOR A
     649.  00:85C1  DD B6 05            		OR [IX+CHNPRM_TSlCnt]
     650.  00:85C4  28 3E               		JR Z,.CH_AMP
     651.  00:85C6  DD 35 05            		DEC [IX+CHNPRM_TSlCnt]
     652.  00:85C9  20 39               		JR NZ,.CH_AMP
     653.  00:85CB  DD 7E 16            		LD A,[IX+CHNPRM_TnSlDl]
     654.  00:85CE  DD 77 05            		LD [IX+CHNPRM_TSlCnt],A
     655.  00:85D1  DD 6E 17            		LD L,[IX+CHNPRM_TSlStp]
     656.  00:85D4  DD 66 18            		LD H,[IX+CHNPRM_TSlStp+1]
     657.  00:85D7  7C                  		LD A,H
     658.  00:85D8  19                  		ADD HL,DE
     659.  00:85D9  DD 75 06            		LD [IX+CHNPRM_CrTnSl],L
     660.  00:85DC  DD 74 07            		LD [IX+CHNPRM_CrTnSl+1],H
     661.  00:85DF  DD CB 15 56         		BIT 2,[IX+CHNPRM_Flags]
     662.  00:85E3  20 1F               		JR NZ,.CH_AMP
     663.  00:85E5  DD 5E 19            		LD E,[IX+CHNPRM_TnDelt]
     664.  00:85E8  DD 56 1A            		LD D,[IX+CHNPRM_TnDelt+1]
     665.  00:85EB  A7                  		AND A
     666.  00:85EC  28 01               		JR Z,.CH_STPP
     667.  00:85EE  EB                  		EX DE,HL
     668.  00:85EF  ED 52               .CH_STPP:	SBC HL,DE
     669.  00:85F1  FA 04 86            		JP M,.CH_AMP
     670.  00:85F4  DD 7E 13            		LD A,[IX+CHNPRM_SlToNt]
     671.  00:85F7  DD 77 12            		LD [IX+CHNPRM_Note],A
     672.  00:85FA  AF                  		XOR A
     673.  00:85FB  DD 77 05            		LD [IX+CHNPRM_TSlCnt],A
     674.  00:85FE  DD 77 06            		LD [IX+CHNPRM_CrTnSl],A
     675.  00:8601  DD 77 07            		LD [IX+CHNPRM_CrTnSl+1],A
     676.  00:8604  DD 7E 02            .CH_AMP:	LD A,[IX+CHNPRM_CrAmSl]
     677.  00:8607  CB 79               		BIT 7,C
     678.  00:8609  28 13               		JR Z,.CH_NOAM
     679.  00:860B  CB 71               		BIT 6,C
     680.  00:860D  28 07               		JR Z,.CH_AMIN
     681.  00:860F  FE 0F               		CP 15
     682.  00:8611  28 0B               		JR Z,.CH_NOAM
     683.  00:8613  3C                  		INC A
     684.  00:8614  18 05               		JR .CH_SVAM
     685.  00:8616  FE F1               .CH_AMIN:	CP -15
     686.  00:8618  28 04               		JR Z,.CH_NOAM
     687.  00:861A  3D                  		DEC A
     688.  00:861B  DD 77 02            .CH_SVAM:	LD [IX+CHNPRM_CrAmSl],A
     689.  00:861E  6F                  .CH_NOAM:	LD L,A
     690.  00:861F  78                  		LD A,B
     691.  00:8620  E6 0F               		AND 15
     692.  00:8622  85                  		ADD A,L
     693.  00:8623  F2 27 86            		JP P,.CH_APOS
     694.  00:8626  AF                  		XOR A
     695.  00:8627  FE 10               .CH_APOS:	CP 16
     696.  00:8629  38 02               		JR C,.CH_VOL
     697.  00:862B  3E 0F               		LD A,15
     698.  00:862D  DD B6 1C            .CH_VOL:	OR [IX+CHNPRM_Volume]
     699.  00:8630  6F                  		LD L,A
     700.  00:8631  26 00               		LD H,0
     701.  00:8633  11 40 F1            		LD DE,VT_
     702.  00:8636  19                  		ADD HL,DE
     703.  00:8637  7E                  		LD A,[HL]
     704.  00:8638  CB 41               .CH_ENV:	BIT 0,C
     705.  00:863A  20 03               		JR NZ,.CH_NOEN
     706.  00:863C  DD B6 14            		OR [IX+CHNPRM_Env_En]
     707.  00:863F  32 4A F1            .CH_NOEN:	LD [AYREGS+AR_AmplC],A
     708.  00:8642  CB 78               		BIT 7,B
     709.  00:8644  79                  		LD A,C
     710.  00:8645  28 19               		JR Z,.NO_ENSL
     711.  00:8647  17                  		RLA
     712.  00:8648  17                  		RLA
     713.  00:8649  CB 2F               		SRA A
     714.  00:864B  CB 2F               		SRA A
     715.  00:864D  CB 2F               		SRA A
     716.  00:864F  DD 86 04            		ADD A,[IX+CHNPRM_CrEnSl] ;SEE COMMENT BELOW
     717.  00:8652  CB 68               		BIT 5,B
     718.  00:8654  28 03               		JR Z,.NO_ENAC
     719.  00:8656  DD 77 04            		LD [IX+CHNPRM_CrEnSl],A
     720.  00:8659  21 1D F0            .NO_ENAC:	LD HL,PT3_AddToEn
     721.  00:865C  86                  		ADD A,[HL] ;BUG IN PT3 - NEED WORD HERE.
     722.  00:865D                      			   ;FIX IT IN NEXT VERSION?
     723.  00:865D  77                  		LD [HL],A
     724.  00:865E  18 0E               		JR .CH_MIX
     725.  00:8660  1F                  .NO_ENSL:	RRA
     726.  00:8661  DD 86 03            		ADD A,[IX+CHNPRM_CrNsSl]
     727.  00:8664  32 7F F0            		LD [AddToNs],A
     728.  00:8667  CB 68               		BIT 5,B
     729.  00:8669  28 03               		JR Z,.CH_MIX
     730.  00:866B  DD 77 03            		LD [IX+CHNPRM_CrNsSl],A
     731.  00:866E  78                  .CH_MIX:	LD A,B
     732.  00:866F  1F                  		RRA
     733.  00:8670  E6 48               		AND $48
     734.  00:8672  21 47 F1            .CH_EXIT:	LD HL,AYREGS+AR_Mixer
     735.  00:8675  B6                  		OR [HL]
     736.  00:8676  0F                  		RRCA
     737.  00:8677  77                  		LD [HL],A
     738.  00:8678  E1                  		POP HL
     739.  00:8679  AF                  		XOR A
     740.  00:867A  DD B6 0A            		OR [IX+CHNPRM_COnOff]
     741.  00:867D  C8                  		RET Z
     742.  00:867E  DD 35 0A            		DEC [IX+CHNPRM_COnOff]
     743.  00:8681  C0                  		RET NZ
     744.  00:8682  DD AE 15            		XOR [IX+CHNPRM_Flags]
     745.  00:8685  DD 77 15            		LD [IX+CHNPRM_Flags],A
     746.  00:8688  1F                  		RRA
     747.  00:8689  DD 7E 0B            		LD A,[IX+CHNPRM_OnOffD]
     748.  00:868C  38 03               		JR C,.CH_ONDL
     749.  00:868E  DD 7E 0C            		LD A,[IX+CHNPRM_OffOnD]
     750.  00:8691  DD 77 0A            .CH_ONDL:	LD [IX+CHNPRM_COnOff],A
     751.  00:8694  C9                  		RET
     752.  00:8695                      
     753.  00:8695  AF                  PT3_PLAY:	XOR A
     754.  00:8696  32 1D F0            		LD [PT3_AddToEn],A
     755.  00:8699  32 47 F1            		LD [AYREGS+AR_Mixer],A
     756.  00:869C  3D                  		DEC A
     757.  00:869D  32 4D F1            		LD [AYREGS+AR_EnvTp],A
     758.  00:86A0  21 7A F0            		LD HL,DelyCnt
     759.  00:86A3  35                  		DEC [HL]
     760.  00:86A4  C2 2B 87            		JP NZ,.PL2
     761.  00:86A7  21 3E F0            		LD HL,ChanA+CHNPRM_NtSkCn
     762.  00:86AA  35                  		DEC [HL]
     763.  00:86AB  20 4E               		JR NZ,.PL1B
     764.  00:86AD  ED 4B 12 F0         		LD BC,[PT3_AdInPtA]
     765.  00:86B1  0A                  		LD A,[BC]
     766.  00:86B2  A7                  		AND A
     767.  00:86B3  20 3B               		JR NZ,.PL1A
     768.  00:86B5  57                  		LD D,A
     769.  00:86B6  32 7E F0            		LD [Ns_Base],A
     770.  00:86B9  2A 03 F0            		LD HL,[PT3_CrPsPtr]
     771.  00:86BC  23                  		INC HL
     772.  00:86BD  7E                  		LD A,[HL]
     773.  00:86BE  3C                  		INC A
     774.  00:86BF  20 08               		JR NZ,.PLNLP
     775.  00:86C1  CD 2B 82            		CALL CHECKLP
     776.  00:86C4  2A 18 F0            		LD HL,[PT3_LPosPtr]
     777.  00:86C7  7E                  		LD A,[HL]
     778.  00:86C8  3C                  		INC A
     779.  00:86C9  22 03 F0            .PLNLP:	LD [PT3_CrPsPtr],HL
     780.  00:86CC  3D                  		DEC A
     781.  00:86CD  87                  		ADD A,A
     782.  00:86CE  5F                  		LD E,A
     783.  00:86CF  CB 12               		RL D
     784.  00:86D1  2A 1A F0            		LD HL,[PT3_PatsPtr]
     785.  00:86D4  19                  		ADD HL,DE
     786.  00:86D5  ED 5B 01 F0         		LD DE,[PT3_MODADDR]
     787.  00:86D9  ED 73 0D F0         		LD [PT3_PSP],SP
     788.  00:86DD  F9                  		LD SP,HL
     789.  00:86DE  E1                  		POP HL
     790.  00:86DF  19                  		ADD HL,DE
     791.  00:86E0  44                  		LD B,H
     792.  00:86E1  4D                  		LD C,L
     793.  00:86E2  E1                  		POP HL
     794.  00:86E3  19                  		ADD HL,DE
     795.  00:86E4  22 14 F0            		LD [PT3_AdInPtB],HL
     796.  00:86E7  E1                  		POP HL
     797.  00:86E8  19                  		ADD HL,DE
     798.  00:86E9  22 16 F0            		LD [PT3_AdInPtC],HL
     799.  00:86EC  ED 7B 0D F0         		LD SP,[PT3_PSP]
     800.  00:86F0                      
     801.  00:86F0  DD 21 2F F0         .PL1A:		LD IX,ChanA+12
     802.  00:86F4  CD D3 83            		CALL PTDECOD
     803.  00:86F7  ED 43 12 F0         		LD [PT3_AdInPtA],BC
     804.  00:86FB                      
     805.  00:86FB  21 5B F0            .PL1B:		LD HL,ChanB+CHNPRM_NtSkCn
     806.  00:86FE  35                  		DEC [HL]
     807.  00:86FF  20 0F               		JR NZ,.PL1C
     808.  00:8701  DD 21 4C F0         		LD IX,ChanB+12
     809.  00:8705  ED 4B 14 F0         		LD BC,[PT3_AdInPtB]
     810.  00:8709  CD D3 83            		CALL PTDECOD
     811.  00:870C  ED 43 14 F0         		LD [PT3_AdInPtB],BC
     812.  00:8710                      
     813.  00:8710  21 78 F0            .PL1C:		LD HL,ChanC+CHNPRM_NtSkCn
     814.  00:8713  35                  		DEC [HL]
     815.  00:8714  20 0F               		JR NZ,.PL1D
     816.  00:8716  DD 21 69 F0         		LD IX,ChanC+12
     817.  00:871A  ED 4B 16 F0         		LD BC,[PT3_AdInPtC]
     818.  00:871E  CD D3 83            		CALL PTDECOD
     819.  00:8721  ED 43 16 F0         		LD [PT3_AdInPtC],BC
     820.  00:8725                      
     821.  00:8725  3A 1C F0            .PL1D:		LD A,[PT3_Delay]
     822.  00:8728  32 7A F0            		LD [DelyCnt],A
     823.  00:872B                      
     824.  00:872B  DD 21 23 F0         .PL2:		LD IX,ChanA
     825.  00:872F  2A 40 F1            		LD HL,[AYREGS+AR_TonA]
     826.  00:8732  CD 43 85            		CALL CHREGS
     827.  00:8735  22 40 F1            		LD [AYREGS+AR_TonA],HL
     828.  00:8738  3A 4A F1            		LD A,[AYREGS+AR_AmplC]
     829.  00:873B  32 48 F1            		LD [AYREGS+AR_AmplA],A
     830.  00:873E  DD 21 40 F0         		LD IX,ChanB
     831.  00:8742  2A 42 F1            		LD HL,[AYREGS+AR_TonB]
     832.  00:8745  CD 43 85            		CALL CHREGS
     833.  00:8748  22 42 F1            		LD [AYREGS+AR_TonB],HL
     834.  00:874B  3A 4A F1            		LD A,[AYREGS+AR_AmplC]
     835.  00:874E  32 49 F1            		LD [AYREGS+AR_AmplB],A
     836.  00:8751  DD 21 5D F0         		LD IX,ChanC
     837.  00:8755  2A 44 F1            		LD HL,[AYREGS+AR_TonC]
     838.  00:8758  CD 43 85            		CALL CHREGS
     839.  00:875B  22 44 F1            		LD [AYREGS+AR_TonC],HL
     840.  00:875E                      
     841.  00:875E  2A 7E F0            		LD HL,[Ns_Base_AddToNs]
     842.  00:8761  7C                  		LD A,H
     843.  00:8762  85                  		ADD A,L
     844.  00:8763  32 46 F1            		LD [AYREGS+AR_Noise],A
     845.  00:8766                      
     846.  00:8766  3A 1D F0            		LD A,[PT3_AddToEn]
     847.  00:8769  5F                  		LD E,A
     848.  00:876A  87                  		ADD A,A
     849.  00:876B  9F                  		SBC A,A
     850.  00:876C  57                  		LD D,A
     851.  00:876D  2A 4E F1            		LD HL,[EnvBase]
     852.  00:8770  19                  		ADD HL,DE
     853.  00:8771  ED 5B 7B F0         		LD DE,[CurESld]
     854.  00:8775  19                  		ADD HL,DE
     855.  00:8776  22 4B F1            		LD [AYREGS+AR_Env],HL
     856.  00:8779                      
     857.  00:8779  AF                  		XOR A
     858.  00:877A  21 7D F0            		LD HL,CurEDel
     859.  00:877D  B6                  		OR [HL]
     860.  00:877E  C8                  		RET Z
     861.  00:877F  35                  		DEC [HL]
     862.  00:8780  C0                  		RET NZ
     863.  00:8781  3A 1E F0            		LD A,[PT3_Env_Del]
     864.  00:8784  77                  		LD [HL],A
     865.  00:8785  2A 1F F0            		LD HL,[PT3_ESldAdd]
     866.  00:8788  19                  		ADD HL,DE
     867.  00:8789  22 7B F0            		LD [CurESld],HL
     868.  00:878C  C9                  		RET
     869.  00:878D                      
     870.  00:878D  AF                  PT3_ROUT:	XOR A
     871.  00:878E                      	
     872.  00:878E                      ROUT_A0:	; --- FIXES BITS 6 AND 7 OF MIXER ---
     873.  00:878E  21 47 F1            		LD	HL,AYREGS+AR_Mixer
     874.  00:8791  CB FE               		set	7,[hl]
     875.  00:8793  CB B6               		res	6,[hl]
     876.  00:8795                      
     877.  00:8795  0E A0               		LD C,$A0
     878.  00:8797  21 40 F1            		LD HL,AYREGS
     879.  00:879A  ED 79               .LOUT:		OUT [C],A
     880.  00:879C  0C                  		INC C
     881.  00:879D  ED A3               		OUTI 
     882.  00:879F  0D                  		DEC C
     883.  00:87A0  3C                  		INC A
     884.  00:87A1  FE 0D               		CP 13
     885.  00:87A3  20 F5               		JR NZ,.LOUT
     886.  00:87A5  ED 79               		OUT [C],A
     887.  00:87A7  7E                  		LD A,[HL]
     888.  00:87A8  A7                  		AND A
     889.  00:87A9  F8                  		RET M
     890.  00:87AA  0C                  		INC C
     891.  00:87AB  ED 79               		OUT [C],A
     892.  00:87AD  C9                  		RET
     893.  00:87AE                      
     894.  00:87AE  64                  NT_DATA:	db (T_NEW_0-T1_)*2
     895.  00:87AF  2A                  		db TCNEW_0-T_
     896.  00:87B0  65                  		db (T_OLD_0-T1_)*2+1
     897.  00:87B1  00                  		db TCOLD_0-T_
     898.  00:87B2  01                  		db (T_NEW_1-T1_)*2+1
     899.  00:87B3  0C                  		db TCNEW_1-T_
     900.  00:87B4  01                  		db (T_OLD_1-T1_)*2+1
     901.  00:87B5  0C                  		db TCOLD_1-T_
     902.  00:87B6  94                  		db (T_NEW_2-T1_)*2
     903.  00:87B7  35                  		db TCNEW_2-T_
     904.  00:87B8  30                  		db (T_OLD_2-T1_)*2
     905.  00:87B9  0E                  		db TCOLD_2-T_
     906.  00:87BA  60                  		db (T_NEW_3-T1_)*2
     907.  00:87BB  20                  		db TCNEW_3-T_
     908.  00:87BC  60                  		db (T_OLD_3-T1_)*2
     909.  00:87BD  21                  		db TCOLD_3-T_
     910.  00:87BE                      
     911.  00:87BE                      T_:
     912.  00:87BE                      
     913.  00:87BE                      TCOLD_0:	db $00+1,$04+1,$08+1,$0A+1,$0C+1,$0E+1,$12+1,$14+1
     913.  00:87BE  01 05 09 0B 0D 0F 13 15 
     914.  00:87C6  19 25 3D 00         		db $18+1,$24+1,$3C+1,0
     915.  00:87CA                      TCNEW_1:	
     916.  00:87CA  5D 00               TCOLD_1:	db $5C+1,0
     917.  00:87CC                      TCOLD_2:	db $30+1,$36+1,$4C+1,$52+1,$5E+1,$70+1,$82,$8C,$9C
     917.  00:87CC  31 37 4D 53 5F 71 82 8C 9C 
     918.  00:87D5                      		db $9E,$A0,$A6,$A8,$AA,$AC,$AE,$AE,0
     918.  00:87D5  9E A0 A6 A8 AA AC AE AE 00 
     919.  00:87DE  57                  TCNEW_3:	db $56+1
     920.  00:87DF                      TCOLD_3:	db $1E+1,$22+1,$24+1,$28+1,$2C+1,$2E+1,$32+1,$BE+1,0
     920.  00:87DF  1F 23 25 29 2D 2F 33 BF 00 
     921.  00:87E8                      TCNEW_0:	db $1C+1,$20+1,$22+1,$26+1,$2A+1,$2C+1,$30+1,$54+1
     921.  00:87E8  1D 21 23 27 2B 2D 31 55 
     922.  00:87F0  BD BF 00            		db $BC+1,$BE+1,0
     923.  00:87F3                      TCNEW_2:	db $1A+1,$20+1,$24+1,$28+1,$2A+1,$3A+1,$4C+1,$5E+1
     923.  00:87F3  1B 21 25 29 2B 3B 4D 5F 
     924.  00:87FB  BB BD BF            		db $BA+1,$BC+1,$BE+1
     925.  00:87FE                      
     926.  00:87FE  00 01 00 90         EMPTYSAMORN: 	db 0,1,0,$90 ;delete $90 if you don't need default sample
     927.  00:8802                      
     928.  00:8802                      T_PACK:		; First 12 values of tone tables (packed)
     929.  00:8802  0D                  		db ($06EC*2)/256
     930.  00:8803  D8                  		db #d8
     931.  00:8804  69                  		db $0755-$06EC
     932.  00:8805  70                  		db $07C5-$0755
     933.  00:8806  76                  		db $083B-$07C5
     934.  00:8807  7D                  		db $08B8-$083B
     935.  00:8808  85                  		db $093D-$08B8
     936.  00:8809  8D                  		db $09CA-$093D
     937.  00:880A  95                  		db $0A5F-$09CA
     938.  00:880B  9D                  		db $0AFC-$0A5F
     939.  00:880C  A8                  		db $0BA4-$0AFC
     940.  00:880D  B1                  		db $0C55-$0BA4
     941.  00:880E  BB                  		db $0D10-$0C55
     942.  00:880F  0C                  		db ($066D*2)/256
     943.  00:8810  DA                  		db #da
     944.  00:8811  62                  		db $06CF-$066D
     945.  00:8812  68                  		db $0737-$06CF
     946.  00:8813  6D                  		db $07A4-$0737
     947.  00:8814  75                  		db $0819-$07A4
     948.  00:8815  7B                  		db $0894-$0819
     949.  00:8816  83                  		db $0917-$0894
     950.  00:8817  8A                  		db $09A1-$0917
     951.  00:8818  92                  		db $0A33-$09A1
     952.  00:8819  9C                  		db $0ACF-$0A33
     953.  00:881A  A4                  		db $0B73-$0ACF
     954.  00:881B  AF                  		db $0C22-$0B73
     955.  00:881C  B8                  		db $0CDA-$0C22
     956.  00:881D  0E                  		db ($0704*2)/256
     957.  00:881E  08                  		db #08
     958.  00:881F  6A                  		db $076E-$0704
     959.  00:8820  72                  		db $07E0-$076E
     960.  00:8821  78                  		db $0858-$07E0
     961.  00:8822  7E                  		db $08D6-$0858
     962.  00:8823  86                  		db $095C-$08D6
     963.  00:8824  90                  		db $09EC-$095C
     964.  00:8825  96                  		db $0A82-$09EC
     965.  00:8826  A0                  		db $0B22-$0A82
     966.  00:8827  AA                  		db $0BCC-$0B22
     967.  00:8828  B4                  		db $0C80-$0BCC
     968.  00:8829  BE                  		db $0D3E-$0C80
     969.  00:882A  0F                  		db ($07E0*2)/256
     970.  00:882B  C0                  		db #c0
     971.  00:882C  78                  		db $0858-$07E0
     972.  00:882D  88                  		db $08E0-$0858
     973.  00:882E  80                  		db $0960-$08E0
     974.  00:882F  90                  		db $09F0-$0960
     975.  00:8830  98                  		db $0A88-$09F0
     976.  00:8831  A0                  		db $0B28-$0A88
     977.  00:8832  B0                  		db $0BD8-$0B28
     978.  00:8833  A8                  		db $0C80-$0BD8
     979.  00:8834  E0                  		db $0D60-$0C80
     980.  00:8835  B0                  		db $0E10-$0D60
     981.  00:8836  E8                  		db $0EF8-$0E10
      61   00:8837                      	include "ayFX-ROM_sjasm.asm"	;reproductor AYFX de efectos de sonido
       1.  00:8837                      		; --- ayFX REPLAYER v1.31 ---
       2.  00:8837                      
       3.  00:8837                      		; --- v1.31	Fixed bug on previous version, only PSG channel C worked
       4.  00:8837                      		; --- v1.3	Fixed volume and Relative volume versions on the same file, conditional compilation
       5.  00:8837                      		; ---		Support for dynamic or fixed channel allocation
       6.  00:8837                      		; --- v1.2f/r	ayFX bank support
       7.  00:8837                      		; --- v1.11f/r	If a frame volume is zero then no AYREGS update
       8.  00:8837                      		; --- v1.1f/r	Fixed volume for all ayFX streams
       9.  00:8837                      		; --- v1.1	Explicit priority (as suggested by AR)
      10.  00:8837                      		; --- v1.0f	Bug fixed (error when using noise)
      11.  00:8837                      		; --- v1.0	Initial release
      12.  00:8837                      
      13.  00:8837                      		; --- DEFINE AYFXRELATIVE AS 0 FOR FIXED VOLUME VERSION ---
      14.  00:8837                      		; --- DEFINE AYFXRELATIVE AS 1 FOR RELATIVE VOLUME VERSION ---
      15.  00:8837  (00:0000)           AYFXRELATIVE equ 0
      16.  00:8837                      
      17.  00:8837                      ayFX_SETUP:	; ---          ayFX replayer setup          ---
      18.  00:8837                      		; --- INPUT: HL -> pointer to the ayFX bank ---
      19.  00:8837  22 41 F2            		ld	[ayFX_BANK],hl			; Current ayFX bank
      20.  00:883A  3E 01               		ld	a,1				; a:=0
      21.  00:883C  32 40 F2            		ld	[ayFX_MODE],a			; Initial mode: fixed channel
      22.  00:883F  3C                  		inc	a				; Starting channel (=1)
      23.  00:8840  32 4A F2            		ld	[ayFX_CHANNEL],a		; Updated
      24.  00:8843                      ayFX_END:	; --- End of an ayFX stream ---
      25.  00:8843  3E FF               		ld	a,255				; Lowest ayFX priority
      26.  00:8845  32 43 F2            		ld	[ayFX_PRIORITY],a		; Priority saved (not playing ayFX stream)
      27.  00:8848  C9                  		ret					; Return
      28.  00:8849                      
      29.  00:8849                      ayFX_INIT:	; ---     INIT A NEW ayFX STREAM     ---
      30.  00:8849                      		; --- INPUT: A -> sound to be played ---
      31.  00:8849                      		; ---        C -> sound priority     ---
      32.  00:8849  C5                  		push	bc				; Store bc in stack
      33.  00:884A  D5                  		push	de				; Store de in stack
      34.  00:884B  E5                  		push	hl				; Store hl in stack
      35.  00:884C                      		; --- Check if the index is in the bank ---
      36.  00:884C  47                  		ld	b,a				; b:=a (new ayFX stream index)
      37.  00:884D  2A 41 F2            		ld	hl,[ayFX_BANK]			; Current ayFX BANK
      38.  00:8850  7E                  		ld	a,[hl]				; Number of samples in the bank
      39.  00:8851  B7                  		or	a				; If zero (means 256 samples)...
      40.  00:8852  28 06               		jr	z,.CHECK_PRI			; ...goto .CHECK_PRI
      41.  00:8854                      		; The bank has less than 256 samples
      42.  00:8854  78                  		ld	a,b				; a:=b (new ayFX stream index)
      43.  00:8855  BE                  		cp	[hl]				; If new index is not in the bank...
      44.  00:8856  3E 02               		ld	a,2				; a:=2 (error 2: Sample not in the bank)
      45.  00:8858  30 21               		jr	nc,.INIT_END			; ...we can't init it
      46.  00:885A                      .CHECK_PRI:	; --- Check if the new priority is lower than the current one ---
      47.  00:885A                      		; ---   Remember: 0 = highest priority, 15 = lowest priority  ---
      48.  00:885A  78                  		ld	a,b				; a:=b (new ayFX stream index)
      49.  00:885B  3A 43 F2            		ld	a,[ayFX_PRIORITY]		; a:=Current ayFX stream priority
      50.  00:885E  B9                  		cp	c				; If new ayFX stream priority is lower than current one...
      51.  00:885F  3E 01               		ld	a,1				; a:=1 (error 1: A sample with higher priority is being played)
      52.  00:8861  38 18               		jr	c,.INIT_END			; ...we don't start the new ayFX stream
      53.  00:8863                      		; --- Set new priority ---
      54.  00:8863  79                  		ld	a,c				; a:=New priority
      55.  00:8864  E6 0F               		and	$0F				; We mask the priority
      56.  00:8866  32 43 F2            		ld	[ayFX_PRIORITY],a		; new ayFX stream priority saved in RAM
      57.  00:8869                      
      58.  00:8869                      		IF ( AYFXRELATIVE == 1 )
      59.  00:8869                    ~ 			; --- Volume adjust using PT3 volume table ---
      60.  00:8869                    ~ 			ld	c,a				; c:=New priority (fixed)
      61.  00:8869                    ~ 			ld	a,15				; a:=15
      62.  00:8869                    ~ 			sub	c				; a:=15-New priority = relative volume
      63.  00:8869                    ~ 			jr	z,.INIT_NOSOUND		; If priority is 15 -> no sound output (volume is zero)
      64.  00:8869                    ~ 			add	a,a				; a:=a*2
      65.  00:8869                    ~ 			add	a,a				; a:=a*4
      66.  00:8869                    ~ 			add	a,a				; a:=a*8
      67.  00:8869                    ~ 			add	a,a				; a:=a*16
      68.  00:8869                    ~ 			ld	e,a				; e:=a
      69.  00:8869                    ~ 			ld	d,0				; de:=a
      70.  00:8869                    ~ 			ld	hl,VT_				; hl:=PT3 volume table
      71.  00:8869                    ~ 			add	hl,de				; hl is a pointer to the relative volume table
      72.  00:8869                    ~ 			ld	[ayFX_VT],hl			; Save pointer
      73.  00:8869                    ~ 		ENDIF
      74.  00:8869                      
      75.  00:8869                      		; --- Calculate the pointer to the new ayFX stream ---
      76.  00:8869  ED 5B 41 F2         		ld	de,[ayFX_BANK]			; de:=Current ayFX bank
      77.  00:886D  13                  		inc	de				; de points to the increments table of the bank
      78.  00:886E  68                  		ld	l,b				; l:=b (new ayFX stream index)
      79.  00:886F  26 00               		ld	h,0				; hl:=b (new ayFX stream index)
      80.  00:8871  29                  		add	hl,hl				; hl:=hl*2
      81.  00:8872  19                  		add	hl,de				; hl:=hl+de (hl points to the correct increment)
      82.  00:8873  5E                  		ld	e,[hl]				; e:=lower byte of the increment
      83.  00:8874  23                  		inc	hl				; hl points to the higher byte of the correct increment
      84.  00:8875  56                  		ld	d,[hl]				; de:=increment
      85.  00:8876  19                  		add	hl,de				; hl:=hl+de (hl points to the new ayFX stream)
      86.  00:8877  22 44 F2            		ld	[ayFX_POINTER],hl		; Pointer saved in RAM
      87.  00:887A  AF                  		xor	a				; a:=0 (no errors)
      88.  00:887B  E1                  .INIT_END:	pop	hl				; Retrieve hl from stack
      89.  00:887C  D1                  		pop	de				; Retrieve de from stack
      90.  00:887D  C1                  		pop	bc				; Retrieve bc from stack
      91.  00:887E  C9                  		ret					; Return
      92.  00:887F                      
      93.  00:887F                      		IF ( AYFXRELATIVE == 1 )
      94.  00:887F                    ~ .INIT_NOSOUND:	; --- Init a sample with relative volume zero -> no sound output ---
      95.  00:887F                    ~ 			ld	a,255				; Lowest ayFX priority
      96.  00:887F                    ~ 			ld	[ayFX_PRIORITY],a		; Priority saved (not playing ayFX stream)
      97.  00:887F                    ~ 			jr	.INIT_END			; Jumps to .INIT_END
      98.  00:887F                    ~ 		ENDIF
      99.  00:887F                      
     100.  00:887F                      ayFX_PLAY:	; --- PLAY A FRAME OF AN ayFX STREAM ---
     101.  00:887F  3A 43 F2            		ld	a,[ayFX_PRIORITY]		; a:=Current ayFX stream priority
     102.  00:8882  B7                  		or	a				; If priority has bit 7 on...
     103.  00:8883  F8                  		ret	m				; ...return
     104.  00:8884                      		; --- Calculate next ayFX channel (if needed) ---
     105.  00:8884  3A 40 F2            		ld	a,[ayFX_MODE]			; ayFX mode
     106.  00:8887  E6 01               		and	1				; If bit0=0 (fixed channel)...
     107.  00:8889  28 08               		jr	z,.TAKECB			; ...skip channel changing
     108.  00:888B  21 4A F2            		ld	hl,ayFX_CHANNEL			; Old ayFX playing channel
     109.  00:888E  35                  		dec	[hl]				; New ayFX playing channel
     110.  00:888F  20 02               		jr	nz,.TAKECB			; If not zero jump to .TAKECB
     111.  00:8891  36 03               		ld	[hl],3				; If zero -> set channel 3
     112.  00:8893                      .TAKECB:	; --- Extract control byte from stream ---
     113.  00:8893  2A 44 F2            		ld	hl,[ayFX_POINTER]		; Pointer to the current ayFX stream
     114.  00:8896  4E                  		ld	c,[hl]				; c:=Control byte
     115.  00:8897  23                  		inc	hl				; Increment pointer
     116.  00:8898                      		; --- Check if there's new tone on stream ---
     117.  00:8898  CB 69               		bit	5,c				; If bit 5 c is off...
     118.  00:889A  28 08               		jr	z,.CHECK_NN			; ...jump to .CHECK_NN (no new tone)
     119.  00:889C                      		; --- Extract new tone from stream ---
     120.  00:889C  5E                  		ld	e,[hl]				; e:=lower byte of new tone
     121.  00:889D  23                  		inc	hl				; Increment pointer
     122.  00:889E  56                  		ld	d,[hl]				; d:=higher byte of new tone
     123.  00:889F  23                  		inc	hl				; Increment pointer
     124.  00:88A0  ED 53 46 F2         		ld	[ayFX_TONE],de			; ayFX tone updated
     125.  00:88A4                      .CHECK_NN:	; --- Check if there's new noise on stream ---
     126.  00:88A4  CB 71               		bit	6,c				; if bit 6 c is off...
     127.  00:88A6  28 09               		jr	z,.SETPOINTER			; ...jump to .SETPOINTER (no new noise)
     128.  00:88A8                      		; --- Extract new noise from stream ---
     129.  00:88A8  7E                  		ld	a,[hl]				; a:=New noise
     130.  00:88A9  23                  		inc	hl				; Increment pointer
     131.  00:88AA  FE 20               		cp	$20				; If it's an illegal value of noise (used to mark end of stream)...
     132.  00:88AC  28 95               		jr.	z,ayFX_END			; ...jump to ayFX_END
     133.  00:88AE  32 48 F2            		ld	[ayFX_NOISE],a			; ayFX noise updated
     134.  00:88B1                      .SETPOINTER:	; --- Update ayFX pointer ---
     135.  00:88B1  22 44 F2            		ld	[ayFX_POINTER],hl		; Update ayFX stream pointer
     136.  00:88B4                      		; --- Extract volume ---
     137.  00:88B4  79                  		ld	a,c				; a:=Control byte
     138.  00:88B5  E6 0F               		and	$0F				; lower nibble
     139.  00:88B7                      
     140.  00:88B7                      		IF ( AYFXRELATIVE == 1 )
     141.  00:88B7                    ~ 			; --- Fix the volume using PT3 Volume Table ---
     142.  00:88B7                    ~ 			ld	hl,[ayFX_VT]			; hl:=Pointer to relative volume table
     143.  00:88B7                    ~ 			ld	e,a				; e:=a (ayFX volume)
     144.  00:88B7                    ~ 			ld	d,0				; d:=0
     145.  00:88B7                    ~ 			add	hl,de				; hl:=hl+de (hl points to the relative volume of this frame
     146.  00:88B7                    ~ 			ld	a,[hl]				; a:=ayFX relative volume
     147.  00:88B7                    ~ 			or	a				; If relative volume is zero...
     148.  00:88B7                    ~ 		ENDIF
     149.  00:88B7                      
     150.  00:88B7  32 49 F2            		ld	[ayFX_VOLUME],a			; ayFX volume updated
     151.  00:88BA  C8                  		ret	z				; ...return (don't copy ayFX values in to AYREGS)
     152.  00:88BB                      		; -------------------------------------
     153.  00:88BB                      		; --- COPY ayFX VALUES IN TO AYREGS ---
     154.  00:88BB                      		; -------------------------------------
     155.  00:88BB                      		; --- Set noise channel ---
     156.  00:88BB  CB 79               		bit	7,c				; If noise is off...
     157.  00:88BD  20 06               		jr	nz,.SETMASKS			; ...jump to .SETMASKS
     158.  00:88BF  3A 48 F2            		ld	a,[ayFX_NOISE]			; ayFX noise value
     159.  00:88C2  32 46 F1            		ld	[AYREGS+6],a			; copied in to AYREGS (noise channel)
     160.  00:88C5                      .SETMASKS:	; --- Set mixer masks ---
     161.  00:88C5  79                  		ld	a,c				; a:=Control byte
     162.  00:88C6  E6 90               		and	$90				; Only bits 7 and 4 (noise and tone mask for psg reg 7)
     163.  00:88C8  FE 90               		cp	$90				; If no noise and no tone...
     164.  00:88CA  C8                  		ret	z				; ...return (don't copy ayFX values in to AYREGS)
     165.  00:88CB                      		; --- Copy ayFX values in to ARYREGS ---
     166.  00:88CB  0F                  		rrca					; Rotate a to the right (1 TIME)
     167.  00:88CC  0F                  		rrca					; Rotate a to the right (2 TIMES) (OR mask)
     168.  00:88CD  16 DB               		ld	d,$DB				; d:=Mask for psg mixer (AND mask)
     169.  00:88CF                      		; --- Dump to correct channel ---
     170.  00:88CF  21 4A F2            		ld	hl,ayFX_CHANNEL			; Next ayFX playing channel
     171.  00:88D2  46                  		ld	b,[hl]				; Channel counter
     172.  00:88D3                      .CHK1:		; --- Check if playing channel was 1 ---
     173.  00:88D3  10 0D               		djnz	.CHK2				; Decrement and jump if channel was not 1
     174.  00:88D5                      .PLAY_C:	; --- Play ayFX stream on channel C ---
     175.  00:88D5  CD 04 89            		call	.SETMIXER			; Set PSG mixer value (returning a=ayFX volume and hl=ayFX tone)
     176.  00:88D8  32 4A F1            		ld	[AYREGS+10],a			; Volume copied in to AYREGS (channel C volume)
     177.  00:88DB  CB 51               		bit	2,c				; If tone is off...
     178.  00:88DD  C0                  		ret	nz				; ...return
     179.  00:88DE  22 44 F1            		ld	[AYREGS+4],hl			; copied in to AYREGS (channel C tone)
     180.  00:88E1  C9                  		ret					; Return
     181.  00:88E2                      .CHK2:		; --- Check if playing channel was 2 ---
     182.  00:88E2  CB 0A               		rrc	d				; Rotate right AND mask
     183.  00:88E4  0F                  		rrca					; Rotate right OR mask
     184.  00:88E5  10 0D               		djnz	.CHK3				; Decrement and jump if channel was not 2
     185.  00:88E7                      .PLAY_B:	; --- Play ayFX stream on channel B ---
     186.  00:88E7  CD 04 89            		call	.SETMIXER			; Set PSG mixer value (returning a=ayFX volume and hl=ayFX tone)
     187.  00:88EA  32 49 F1            		ld	[AYREGS+9],a			; Volume copied in to AYREGS (channel B volume)
     188.  00:88ED  CB 49               		bit	1,c				; If tone is off...
     189.  00:88EF  C0                  		ret	nz				; ...return
     190.  00:88F0  22 42 F1            		ld	[AYREGS+2],hl			; copied in to AYREGS (channel B tone)
     191.  00:88F3  C9                  		ret					; Return
     192.  00:88F4                      .CHK3:		; --- Check if playing channel was 3 ---
     193.  00:88F4  CB 0A               		rrc	d				; Rotate right AND mask
     194.  00:88F6  0F                  		rrca					; Rotate right OR mask
     195.  00:88F7                      .PLAY_A:	; --- Play ayFX stream on channel A ---
     196.  00:88F7  CD 04 89            		call	.SETMIXER			; Set PSG mixer value (returning a=ayFX volume and hl=ayFX tone)
     197.  00:88FA  32 48 F1            		ld	[AYREGS+8],a			; Volume copied in to AYREGS (channel A volume)
     198.  00:88FD  CB 41               		bit	0,c				; If tone is off...
     199.  00:88FF  C0                  		ret	nz				; ...return
     200.  00:8900  22 40 F1            		ld	[AYREGS+0],hl			; copied in to AYREGS (channel A tone)
     201.  00:8903  C9                  		ret					; Return
     202.  00:8904                      .SETMIXER:	; --- Set PSG mixer value ---
     203.  00:8904  4F                  		ld	c,a				; c:=OR mask
     204.  00:8905  3A 47 F1            		ld	a,[AYREGS+7]			; a:=PSG mixer value
     205.  00:8908  A2                  		and	d				; AND mask
     206.  00:8909  B1                  		or	c				; OR mask
     207.  00:890A  32 47 F1            		ld	[AYREGS+7],a			; PSG mixer value updated
     208.  00:890D  3A 49 F2            		ld	a,[ayFX_VOLUME]			; a:=ayFX volume value
     209.  00:8910  2A 46 F2            		ld	hl,[ayFX_TONE]			; ayFX tone value
     210.  00:8913  C9                  		ret					; Return
     211.  00:8914                      
     212.  00:8914                      		IF ( AYFXRELATIVE == 1 )
     213.  00:8914                    ~ 			; --- UNCOMMENT THIS IF YOU DON'T USE THIS REPLAYER WITH PT3 REPLAYER ---
     214.  00:8914                    ~ 		;VT_:	.INCBIN	"VT.BIN"
     215.  00:8914                    ~ 			; --- UNCOMMENT THIS IF YOU DON'T USE THIS REPLAYER WITH PT3 REPLAYER ---
     216.  00:8914                    ~ 		ENDIF
      62   00:8914                      
      63   00:8914                      
      64   00:8914                      SONG:
      65   00:8914  (0968)              	incbin "bloodytears_castlevania.99"		;cancion molona
      66   00:927C                      	
      67   00:927C                      sfx_bank:
      68   00:927C  (004B)              	incbin "demo.afb"						;libreria de efectos de sonido editada en el AT Sound FX Editor
      69   00:92C7                      
      70   00:92C7                      
      71   00:92C7                      
      72   00:92C7                      
      73   00:92C7                      	;Variables del replayer... las coloco desde aqui.
      74   00:92C7                      	;mirar que hace la directiva MAP del SJASM
      75   00:92C7  (F000)              	map		#f000
      76   00:92C7                      ;;;;;;;;;;;;;;;;;;;;;;;;;;;;;;;;;;;;;;PT3 REPLAYER
      77   00:92C7  (00:F000)           PT3_SETUP:		#1	;set bit0 to 1, if you want to play without looping
      78   00:92C7                      					;bit7 is set each time, when loop point is passed
      79   00:92C7  (00:F001)           PT3_MODADDR:	#2
      80   00:92C7  (00:F003)           PT3_CrPsPtr:	#2
      81   00:92C7  (00:F005)           PT3_SAMPTRS:	#2
      82   00:92C7  (00:F007)           PT3_OrnPtrs:	#2
      83   00:92C7  (00:F009)           PT3_PDSP:		#2
      84   00:92C7  (00:F00B)           PT3_CSP:		#2
      85   00:92C7  (00:F00D)           PT3_PSP:		#2
      86   00:92C7  (00:F00F)           PT3_PrNote:		#1
      87   00:92C7  (00:F010)           PT3_PrSlide:	#2
      88   00:92C7  (00:F012)           PT3_AdInPtA:	#2
      89   00:92C7  (00:F014)           PT3_AdInPtB:	#2
      90   00:92C7  (00:F016)           PT3_AdInPtC:	#2
      91   00:92C7  (00:F018)           PT3_LPosPtr:	#2
      92   00:92C7  (00:F01A)           PT3_PatsPtr:	#2
      93   00:92C7  (00:F01C)           PT3_Delay:		#1
      94   00:92C7  (00:F01D)           PT3_AddToEn:	#1
      95   00:92C7  (00:F01E)           PT3_Env_Del:	#1
      96   00:92C7  (00:F01F)           PT3_ESldAdd:	#2
      97   00:92C7  (00:F021)           PT3_NTL3:		#2	; AND A / NOP (note table creator)
      98   00:92C7                      
      99   00:92C7  (00:F023)           VARS:			#0
     100   00:92C7                      
     101   00:92C7  (00:F023)           ChanA:			#29			;CHNPRM_Size
     102   00:92C7  (00:F040)           ChanB:			#29			;CHNPRM_Size
     103   00:92C7  (00:F05D)           ChanC:			#29			;CHNPRM_Size
     104   00:92C7                      
     105   00:92C7                      ;GlobalVars
     106   00:92C7  (00:F07A)           DelyCnt:		#1
     107   00:92C7  (00:F07B)           CurESld:		#2
     108   00:92C7  (00:F07D)           CurEDel:		#1
     109   00:92C7  (00:F07E)           Ns_Base_AddToNs:	#0
     110   00:92C7  (00:F07E)           Ns_Base:		#1
     111   00:92C7  (00:F07F)           AddToNs:		#1
     112   00:92C7                      
     113   00:92C7  (00:F080)           NT_:			#192	; Puntero a/tabla de frecuencias
     114   00:92C7                      
     115   00:92C7  (00:F140)           AYREGS:			#0
     116   00:92C7  (00:F140)           VT_:			#14
     117   00:92C7  (00:F14E)           EnvBase:		#2
     118   00:92C7  (00:F150)           VAR0END:		#0
     119   00:92C7                      
     120   00:92C7  (00:F150)           T1_:			#0		
     121   00:92C7  (00:F150)           T_NEW_1:		#0
     122   00:92C7  (00:F150)           T_OLD_1:		#24
     123   00:92C7  (00:F168)           T_OLD_2:		#24
     124   00:92C7  (00:F180)           T_NEW_3:		#0
     125   00:92C7  (00:F180)           T_OLD_3:		#2
     126   00:92C7  (00:F182)           T_OLD_0:		#0
     127   00:92C7  (00:F182)           T_NEW_0:		#24
     128   00:92C7  (00:F19A)           T_NEW_2:		#166
     129   00:92C7                      ;;;;;;;;;;;;;;;;;;;;;;;;;;;;;;;;;;;;;;PT3 REPLAYER END
     130   00:92C7                      
     131   00:92C7                      ;;;;;;;;;;;;;;;;;;;;;;;;;;;;;;;;;;;;;;ayFX REPLAYER 
     132   00:92C7  (00:F240)           ayFX_MODE:		#1			; ayFX mode
     133   00:92C7  (00:F241)           ayFX_BANK:		#2			; Current ayFX Bank
     134   00:92C7  (00:F243)           ayFX_PRIORITY:	#1			; Current ayFX stream priotity
     135   00:92C7  (00:F244)           ayFX_POINTER:	#2			; Pointer to the current ayFX stream
     136   00:92C7  (00:F246)           ayFX_TONE:		#2			; Current tone of the ayFX stream
     137   00:92C7  (00:F248)           ayFX_NOISE:		#1			; Current noise of the ayFX stream
     138   00:92C7  (00:F249)           ayFX_VOLUME:	#1			; Current volume of the ayFX stream
     139   00:92C7  (00:F24A)           ayFX_CHANNEL:	#1			; PSG channel to play the ayFX stream
     140   00:92C7                      
     141   00:92C7                      	;IF (AYFXRELATIVE == 1 ) 
     142   00:92C7                      ;ayFX_VT:	ds	2			; ayFX relative volume table pointer
     143   00:92C7                      	;ENDIF
     144   00:92C7                      ;;;;;;;;;;;;;;;;;;;;;;;;;;;;;;;;;;;;;;ayFX REPLAYER END
     145   00:92C7                      END:

    LABELS
-------------------------------------------------
00:000000D8   GTTRIG
00:00008200 X discoheader
00:00008200   START
00:0000820E   loop
00:00000000   CHNPRM_PsInOr
00:00000001   CHNPRM_PsInSm
00:00000002   CHNPRM_CrAmSl
00:00000003   CHNPRM_CrNsSl
00:00000004   CHNPRM_CrEnSl
00:00000005   CHNPRM_TSlCnt
00:00000006   CHNPRM_CrTnSl
00:00000008   CHNPRM_TnAcc
00:0000000A   CHNPRM_COnOff
00:0000000B   CHNPRM_OnOffD
00:0000000C   CHNPRM_OffOnD
00:0000000D   CHNPRM_OrnPtr
00:0000000F   CHNPRM_SamPtr
00:00000011   CHNPRM_NNtSkp
00:00000012   CHNPRM_Note
00:00000013   CHNPRM_SlToNt
00:00000014   CHNPRM_Env_En
00:00000015   CHNPRM_Flags
00:00000016   CHNPRM_TnSlDl
00:00000017   CHNPRM_TSlStp
00:00000019   CHNPRM_TnDelt
00:0000001B   CHNPRM_NtSkCn
00:0000001C   CHNPRM_Volume
00:0000001D X CHNPRM_Size
00:00000000   AR_TonA
00:00000002   AR_TonB
00:00000004   AR_TonC
00:00000006   AR_Noise
00:00000007   AR_Mixer
00:00000008   AR_AmplA
00:00000009   AR_AmplB
00:0000000A   AR_AmplC
00:0000000B   AR_Env
00:0000000D   AR_EnvTp
00:0000822B   CHECKLP
00:0000823C X PT3_MUTE
00:00008248   PT3_INIT
00:00008287   PT3_INIT.TP_0
00:00008293   PT3_INIT.TP_1
00:0000829A   PT3_INIT.TP_2
00:00008308   PT3_INIT.L1
00:00008315   PT3_INIT.L2
00:00008319 X PT3_INIT.L3
00:00008340   PT3_INIT.CORR_1
00:0000834E   PT3_INIT.CORR_2
00:00008355   PT3_INIT.TC_EXIT
00:00008360   PT3_INIT.INITV1
00:00008368   PT3_INIT.INITV2
00:0000837C   PT3_INIT.INITV3
00:00008380   PD_OrSm
00:0000838A   PD_SAM
00:0000838B   PD_SAM_
00:000083A1   PD_VOL
00:000083AA   PD_EOff
00:000083B2   PD_SorE
00:000083BC   PD_ENV
00:000083C1   PD_ORN
00:000083C6   PD_ESAM
00:000083D3   PTDECOD
00:000083E2   PD_LOOP
00:000083E5   PD_LP2
00:00008412   PD_NOIS
00:00008417   PD_REL
00:0000841D   PD_NOTE
00:00008425   PD_RES
00:00008437   PD_FIN
00:0000843E   C_PORTM
00:00008489   C_PORTM.NOSIG
00:00008493   SET_STP
00:0000849F   C_GLISS
00:000084B2   C_SMPOS
00:000084B8   C_ORPOS
00:000084BE   C_VIBRT
00:000084D6   C_ENGLS
00:000084E8   C_DELAY
00:000084EE   SETENV
00:00008509   C_NOP
00:0000850A   SETORN
00:00008523   SPCCOMS
00:00008543   CHREGS
00:00008566   CHREGS.CH_ORPS
00:00008571   CHREGS.CH_NTP
00:00008577   CHREGS.CH_NOK
00:00008592   CHREGS.CH_SMPS
00:000085A8   CHREGS.CH_NOAC
00:000085EF   CHREGS.CH_STPP
00:00008604   CHREGS.CH_AMP
00:00008616   CHREGS.CH_AMIN
00:0000861B   CHREGS.CH_SVAM
00:0000861E   CHREGS.CH_NOAM
00:00008627   CHREGS.CH_APOS
00:0000862D   CHREGS.CH_VOL
00:00008638 X CHREGS.CH_ENV
00:0000863F   CHREGS.CH_NOEN
00:00008659   CHREGS.NO_ENAC
00:00008660   CHREGS.NO_ENSL
00:0000866E   CHREGS.CH_MIX
00:00008672   CHREGS.CH_EXIT
00:00008691   CHREGS.CH_ONDL
00:00008695   PT3_PLAY
00:000086C9   PT3_PLAY.PLNLP
00:000086F0   PT3_PLAY.PL1A
00:000086FB   PT3_PLAY.PL1B
00:00008710   PT3_PLAY.PL1C
00:00008725   PT3_PLAY.PL1D
00:0000872B   PT3_PLAY.PL2
00:0000878D   PT3_ROUT
00:0000878E   ROUT_A0
00:0000879A   ROUT_A0.LOUT
00:000087AE   NT_DATA
00:000087BE   T_
00:000087BE   TCOLD_0
00:000087CA   TCNEW_1
00:000087CA   TCOLD_1
00:000087CC   TCOLD_2
00:000087DE   TCNEW_3
00:000087DF   TCOLD_3
00:000087E8   TCNEW_0
00:000087F3   TCNEW_2
00:000087FE   EMPTYSAMORN
00:00008802   T_PACK
00:00000000 X AYFXRELATIVE
00:00008837   ayFX_SETUP
00:00008843   ayFX_END
00:00008849   ayFX_INIT
00:0000885A   ayFX_INIT.CHECK_PRI
00:0000887B   ayFX_INIT.INIT_END
00:0000887F   ayFX_PLAY
00:00008893   ayFX_PLAY.TAKECB
00:000088A4   ayFX_PLAY.CHECK_NN
00:000088B1   ayFX_PLAY.SETPOINTER
00:000088C5   ayFX_PLAY.SETMASKS
00:000088D3 X ayFX_PLAY.CHK1
00:000088D5 X ayFX_PLAY.PLAY_C
00:000088E2   ayFX_PLAY.CHK2
00:000088E7 X ayFX_PLAY.PLAY_B
00:000088F4   ayFX_PLAY.CHK3
00:000088F7 X ayFX_PLAY.PLAY_A
00:00008904   ayFX_PLAY.SETMIXER
00:00008914   SONG
00:0000927C   sfx_bank
00:0000F000   PT3_SETUP
00:0000F001   PT3_MODADDR
00:0000F003   PT3_CrPsPtr
00:0000F005   PT3_SAMPTRS
00:0000F007   PT3_OrnPtrs
00:0000F009   PT3_PDSP
00:0000F00B   PT3_CSP
00:0000F00D   PT3_PSP
00:0000F00F   PT3_PrNote
00:0000F010   PT3_PrSlide
00:0000F012   PT3_AdInPtA
00:0000F014   PT3_AdInPtB
00:0000F016   PT3_AdInPtC
00:0000F018   PT3_LPosPtr
00:0000F01A   PT3_PatsPtr
00:0000F01C   PT3_Delay
00:0000F01D   PT3_AddToEn
00:0000F01E   PT3_Env_Del
00:0000F01F   PT3_ESldAdd
00:0000F021   PT3_NTL3
00:0000F023   VARS
00:0000F023   ChanA
00:0000F040   ChanB
00:0000F05D   ChanC
00:0000F07A   DelyCnt
00:0000F07B   CurESld
00:0000F07D   CurEDel
00:0000F07E   Ns_Base_AddToNs
00:0000F07E   Ns_Base
00:0000F07F   AddToNs
00:0000F080   NT_
00:0000F140   AYREGS
00:0000F140   VT_
00:0000F14E   EnvBase
00:0000F150   VAR0END
00:0000F150   T1_
00:0000F150   T_NEW_1
00:0000F150   T_OLD_1
00:0000F168   T_OLD_2
00:0000F180   T_NEW_3
00:0000F180   T_OLD_3
00:0000F182   T_OLD_0
00:0000F182   T_NEW_0
00:0000F19A   T_NEW_2
00:0000F240   ayFX_MODE
00:0000F241   ayFX_BANK
00:0000F243   ayFX_PRIORITY
00:0000F244   ayFX_POINTER
00:0000F246   ayFX_TONE
00:0000F248   ayFX_NOISE
00:0000F249   ayFX_VOLUME
00:0000F24A   ayFX_CHANNEL
00:000092C7   END


 Output: mussfxd.out
-------------------------------------------------

 Page: 00
  Org: 00008200  Size: *  Used: 00000000

    No output

 Output: mussfxd.bin
-------------------------------------------------

 Page: 00
  Org: 00008200  Size: *  Used: 000010CE

   Address   Length Align   Label
   00008200    4302         discoheader
